<?xml version="1.0" encoding="UTF-8"?>
<testsuite name="champions.TeamManagerTest" tests="1" skipped="0" failures="0" errors="0" timestamp="2019-07-17T23:48:09" hostname="DESKTOP-8MQRO97" time="0.018">
  <properties/>
  <testcase name="shouldCalculateClasessPasives()" classname="champions.TeamManagerTest" time="0.018"/>
  <system-out><![CDATA[{RANGER=1, GUARDIAN=1, ELEMENTALIST=1}
]]></system-out>
  <system-err><![CDATA[]]></system-err>
</testsuite>
